<?xml version="1.0" encoding="UTF-8"?>
<!-- Generated by org.testng.reporters.JUnitReportReporter -->
<testsuite hostname="IXBTN0FL3" failures="0" tests="1" name="project.cucumberDD.testngTestRunner" time="37.250" errors="0" timestamp="2024-02-26T13:00:15 IST" skipped="0">
  <testcase classname="project.cucumberDD.testngTestRunner" name="runScenario" time="37.250"/>
  <system-out/>
</testsuite> <!-- project.cucumberDD.testngTestRunner -->
